# JRE version: Java(TM) SE Runtime Environment (8.0_45-b14) (build 1.8.0_45-b14)
# Java VM: Java HotSpot(TM) 64-Bit Server VM (25.45-b02 mixed mode linux-amd64 compressed oops)
Heap:
 PSYoungGen      total 130560K, used 450K [0x00000000ebf00000, 0x00000000f4200000, 0x0000000100000000)
  eden space 126976K, 0% used [0x00000000ebf00000,0x00000000ebf00000,0x00000000f3b00000)
  from space 3584K, 12% used [0x00000000f3b00000,0x00000000f3b70920,0x00000000f3e80000)
  to   space 3584K, 0% used [0x00000000f3e80000,0x00000000f3e80000,0x00000000f4200000)
 ParOldGen       total 42496K, used 2781K [0x00000000c3c00000, 0x00000000c6580000, 0x00000000ebf00000)
  object space 42496K, 6% used [0x00000000c3c00000,0x00000000c3eb7470,0x00000000c6580000)
 Metaspace       used 15677K, capacity 15832K, committed 16256K, reserved 1062912K
  class space    used 1996K, capacity 2054K, committed 2176K, reserved 1048576K
GC Heap History (10 events):
Event: 13.722 GC heap after
Heap after GC invocations=4 (full 0):
 PSYoungGen      total 34304K, used 2559K [0x00000000ebf00000, 0x00000000ee300000, 0x0000000100000000)
  eden space 31744K, 0% used [0x00000000ebf00000,0x00000000ebf00000,0x00000000ede00000)
  from space 2560K, 99% used [0x00000000ee080000,0x00000000ee2ffed0,0x00000000ee300000)
  to   space 2560K, 0% used [0x00000000ede00000,0x00000000ede00000,0x00000000ee080000)
 ParOldGen       total 42496K, used 390K [0x00000000c3c00000, 0x00000000c6580000, 0x00000000ebf00000)
  object space 42496K, 0% used [0x00000000c3c00000,0x00000000c3c61b88,0x00000000c6580000)
 Metaspace       used 15669K, capacity 15832K, committed 16256K, reserved 1062912K
  class space    used 1996K, capacity 2054K, committed 2176K, reserved 1048576K
}
Event: 13.746 GC heap before
{Heap before GC invocations=5 (full 0):
 PSYoungGen      total 34304K, used 34191K [0x00000000ebf00000, 0x00000000ee300000, 0x0000000100000000)
  eden space 31744K, 99% used [0x00000000ebf00000,0x00000000edde4048,0x00000000ede00000)
  from space 2560K, 99% used [0x00000000ee080000,0x00000000ee2ffed0,0x00000000ee300000)
  to   space 2560K, 0% used [0x00000000ede00000,0x00000000ede00000,0x00000000ee080000)
 ParOldGen       total 42496K, used 390K [0x00000000c3c00000, 0x00000000c6580000, 0x00000000ebf00000)
  object space 42496K, 0% used [0x00000000c3c00000,0x00000000c3c61b88,0x00000000c6580000)
 Metaspace       used 15671K, capacity 15832K, committed 16256K, reserved 1062912K
  class space    used 1996K, capacity 2054K, committed 2176K, reserved 1048576K
Event: 13.754 GC heap after
Heap after GC invocations=5 (full 0):
 PSYoungGen      total 34304K, used 2550K [0x00000000ebf00000, 0x00000000f0300000, 0x0000000100000000)
  eden space 31744K, 0% used [0x00000000ebf00000,0x00000000ebf00000,0x00000000ede00000)
  from space 2560K, 99% used [0x00000000ede00000,0x00000000ee07d890,0x00000000ee080000)
  to   space 3072K, 0% used [0x00000000f0000000,0x00000000f0000000,0x00000000f0300000)
 ParOldGen       total 42496K, used 398K [0x00000000c3c00000, 0x00000000c6580000, 0x00000000ebf00000)
  object space 42496K, 0% used [0x00000000c3c00000,0x00000000c3c63b88,0x00000000c6580000)
 Metaspace       used 15671K, capacity 15832K, committed 16256K, reserved 1062912K
  class space    used 1996K, capacity 2054K, committed 2176K, reserved 1048576K
}
Event: 13.774 GC heap before
{Heap before GC invocations=6 (full 0):
 PSYoungGen      total 34304K, used 34217K [0x00000000ebf00000, 0x00000000f0300000, 0x0000000100000000)
  eden space 31744K, 99% used [0x00000000ebf00000,0x00000000eddecd00,0x00000000ede00000)
  from space 2560K, 99% used [0x00000000ede00000,0x00000000ee07d890,0x00000000ee080000)
  to   space 3072K, 0% used [0x00000000f0000000,0x00000000f0000000,0x00000000f0300000)
 ParOldGen       total 42496K, used 398K [0x00000000c3c00000, 0x00000000c6580000, 0x00000000ebf00000)
  object space 42496K, 0% used [0x00000000c3c00000,0x00000000c3c63b88,0x00000000c6580000)
 Metaspace       used 15677K, capacity 15832K, committed 16256K, reserved 1062912K
  class space    used 1996K, capacity 2054K, committed 2176K, reserved 1048576K
Event: 13.781 GC heap after
Heap after GC invocations=6 (full 0):
 PSYoungGen      total 66560K, used 2631K [0x00000000ebf00000, 0x00000000f0300000, 0x0000000100000000)
  eden space 63488K, 0% used [0x00000000ebf00000,0x00000000ebf00000,0x00000000efd00000)
  from space 3072K, 85% used [0x00000000f0000000,0x00000000f0291dc0,0x00000000f0300000)
  to   space 3072K, 0% used [0x00000000efd00000,0x00000000efd00000,0x00000000f0000000)
 ParOldGen       total 42496K, used 398K [0x00000000c3c00000, 0x00000000c6580000, 0x00000000ebf00000)
  object space 42496K, 0% used [0x00000000c3c00000,0x00000000c3c63b88,0x00000000c6580000)
 Metaspace       used 15677K, capacity 15832K, committed 16256K, reserved 1062912K
  class space    used 1996K, capacity 2054K, committed 2176K, reserved 1048576K
}
Event: 13.839 GC heap before
{Heap before GC invocations=7 (full 0):
 PSYoungGen      total 66560K, used 66119K [0x00000000ebf00000, 0x00000000f0300000, 0x0000000100000000)
  eden space 63488K, 100% used [0x00000000ebf00000,0x00000000efd00000,0x00000000efd00000)
  from space 3072K, 85% used [0x00000000f0000000,0x00000000f0291dc0,0x00000000f0300000)
  to   space 3072K, 0% used [0x00000000efd00000,0x00000000efd00000,0x00000000f0000000)
 ParOldGen       total 42496K, used 398K [0x00000000c3c00000, 0x00000000c6580000, 0x00000000ebf00000)
  object space 42496K, 0% used [0x00000000c3c00000,0x00000000c3c63b88,0x00000000c6580000)
 Metaspace       used 15677K, capacity 15832K, committed 16256K, reserved 1062912K
  class space    used 1996K, capacity 2054K, committed 2176K, reserved 1048576K
Event: 13.849 GC heap after
Heap after GC invocations=7 (full 0):
 PSYoungGen      total 66560K, used 332K [0x00000000ebf00000, 0x00000000f4200000, 0x0000000100000000)
  eden space 63488K, 0% used [0x00000000ebf00000,0x00000000ebf00000,0x00000000efd00000)
  from space 3072K, 10% used [0x00000000efd00000,0x00000000efd53010,0x00000000f0000000)
  to   space 3584K, 0% used [0x00000000f3e80000,0x00000000f3e80000,0x00000000f4200000)
 ParOldGen       total 42496K, used 2765K [0x00000000c3c00000, 0x00000000c6580000, 0x00000000ebf00000)
  object space 42496K, 6% used [0x00000000c3c00000,0x00000000c3eb3470,0x00000000c6580000)
 Metaspace       used 15677K, capacity 15832K, committed 16256K, reserved 1062912K
  class space    used 1996K, capacity 2054K, committed 2176K, reserved 1048576K
}
Event: 13.886 GC heap before
{Heap before GC invocations=8 (full 0):
 PSYoungGen      total 66560K, used 63809K [0x00000000ebf00000, 0x00000000f4200000, 0x0000000100000000)
  eden space 63488K, 99% used [0x00000000ebf00000,0x00000000efcfd588,0x00000000efd00000)
  from space 3072K, 10% used [0x00000000efd00000,0x00000000efd53010,0x00000000f0000000)
  to   space 3584K, 0% used [0x00000000f3e80000,0x00000000f3e80000,0x00000000f4200000)
 ParOldGen       total 42496K, used 2765K [0x00000000c3c00000, 0x00000000c6580000, 0x00000000ebf00000)
  object space 42496K, 6% used [0x00000000c3c00000,0x00000000c3eb3470,0x00000000c6580000)
 Metaspace       used 15677K, capacity 15832K, committed 16256K, reserved 1062912K
  class space    used 1996K, capacity 2054K, committed 2176K, reserved 1048576K
Event: 13.888 GC heap after
Heap after GC invocations=8 (full 0):
 PSYoungGen      total 130560K, used 343K [0x00000000ebf00000, 0x00000000f4200000, 0x0000000100000000)
  eden space 126976K, 0% used [0x00000000ebf00000,0x00000000ebf00000,0x00000000f3b00000)
  from space 3584K, 9% used [0x00000000f3e80000,0x00000000f3ed5c50,0x00000000f4200000)
  to   space 3584K, 0% used [0x00000000f3b00000,0x00000000f3b00000,0x00000000f3e80000)
 ParOldGen       total 42496K, used 2773K [0x00000000c3c00000, 0x00000000c6580000, 0x00000000ebf00000)
  object space 42496K, 6% used [0x00000000c3c00000,0x00000000c3eb5470,0x00000000c6580000)
 Metaspace       used 15677K, capacity 15832K, committed 16256K, reserved 1062912K
  class space    used 1996K, capacity 2054K, committed 2176K, reserved 1048576K
}
Event: 14.054 GC heap before
{Heap before GC invocations=9 (full 0):
 PSYoungGen      total 130560K, used 127122K [0x00000000ebf00000, 0x00000000f4200000, 0x0000000100000000)
  eden space 126976K, 99% used [0x00000000ebf00000,0x00000000f3acec78,0x00000000f3b00000)
  from space 3584K, 9% used [0x00000000f3e80000,0x00000000f3ed5c50,0x00000000f4200000)
  to   space 3584K, 0% used [0x00000000f3b00000,0x00000000f3b00000,0x00000000f3e80000)
 ParOldGen       total 42496K, used 2773K [0x00000000c3c00000, 0x00000000c6580000, 0x00000000ebf00000)
  object space 42496K, 6% used [0x00000000c3c00000,0x00000000c3eb5470,0x00000000c6580000)
 Metaspace       used 15677K, capacity 15832K, committed 16256K, reserved 1062912K
  class space    used 1996K, capacity 2054K, committed 2176K, reserved 1048576K

