# JRE version: Java(TM) SE Runtime Environment (8.0_45-b14) (build 1.8.0_45-b14)
# Java VM: Java HotSpot(TM) 64-Bit Server VM (25.45-b02 mixed mode linux-amd64 compressed oops)
Heap:
 PSYoungGen      total 66560K, used 301K [0x00000000ebf00000, 0x00000000f0300000, 0x0000000100000000)
  eden space 63488K, 0% used [0x00000000ebf00000,0x00000000ebf00000,0x00000000efd00000)
  from space 3072K, 9% used [0x00000000efd00000,0x00000000efd4b5a0,0x00000000f0000000)
  to   space 3072K, 0% used [0x00000000f0000000,0x00000000f0000000,0x00000000f0300000)
 ParOldGen       total 42496K, used 2663K [0x00000000c3c00000, 0x00000000c6580000, 0x00000000ebf00000)
  object space 42496K, 6% used [0x00000000c3c00000,0x00000000c3e99fa0,0x00000000c6580000)
 Metaspace       used 15380K, capacity 15544K, committed 15872K, reserved 1062912K
  class space    used 1967K, capacity 2022K, committed 2048K, reserved 1048576K
GC Heap History (10 events):
Event: 21.532 GC heap after
Heap after GC invocations=2 (full 0):
 PSYoungGen      total 18432K, used 2559K [0x00000000ebf00000, 0x00000000ee300000, 0x0000000100000000)
  eden space 15872K, 0% used [0x00000000ebf00000,0x00000000ebf00000,0x00000000ece80000)
  from space 2560K, 99% used [0x00000000ed100000,0x00000000ed37fe10,0x00000000ed380000)
  to   space 2560K, 0% used [0x00000000ece80000,0x00000000ece80000,0x00000000ed100000)
 ParOldGen       total 42496K, used 172K [0x00000000c3c00000, 0x00000000c6580000, 0x00000000ebf00000)
  object space 42496K, 0% used [0x00000000c3c00000,0x00000000c3c2b348,0x00000000c6580000)
 Metaspace       used 15360K, capacity 15544K, committed 15872K, reserved 1062912K
  class space    used 1967K, capacity 2022K, committed 2048K, reserved 1048576K
}
Event: 21.543 GC heap before
{Heap before GC invocations=3 (full 0):
 PSYoungGen      total 18432K, used 18431K [0x00000000ebf00000, 0x00000000ee300000, 0x0000000100000000)
  eden space 15872K, 100% used [0x00000000ebf00000,0x00000000ece80000,0x00000000ece80000)
  from space 2560K, 99% used [0x00000000ed100000,0x00000000ed37fe10,0x00000000ed380000)
  to   space 2560K, 0% used [0x00000000ece80000,0x00000000ece80000,0x00000000ed100000)
 ParOldGen       total 42496K, used 172K [0x00000000c3c00000, 0x00000000c6580000, 0x00000000ebf00000)
  object space 42496K, 0% used [0x00000000c3c00000,0x00000000c3c2b348,0x00000000c6580000)
 Metaspace       used 15368K, capacity 15544K, committed 15872K, reserved 1062912K
  class space    used 1967K, capacity 2022K, committed 2048K, reserved 1048576K
Event: 21.549 GC heap after
Heap after GC invocations=3 (full 0):
 PSYoungGen      total 18432K, used 2554K [0x00000000ebf00000, 0x00000000ee300000, 0x0000000100000000)
  eden space 15872K, 0% used [0x00000000ebf00000,0x00000000ebf00000,0x00000000ece80000)
  from space 2560K, 99% used [0x00000000ece80000,0x00000000ed0fe880,0x00000000ed100000)
  to   space 2560K, 0% used [0x00000000ee080000,0x00000000ee080000,0x00000000ee300000)
 ParOldGen       total 42496K, used 196K [0x00000000c3c00000, 0x00000000c6580000, 0x00000000ebf00000)
  object space 42496K, 0% used [0x00000000c3c00000,0x00000000c3c31348,0x00000000c6580000)
 Metaspace       used 15368K, capacity 15544K, committed 15872K, reserved 1062912K
  class space    used 1967K, capacity 2022K, committed 2048K, reserved 1048576K
}
Event: 21.560 GC heap before
{Heap before GC invocations=4 (full 0):
 PSYoungGen      total 18432K, used 18425K [0x00000000ebf00000, 0x00000000ee300000, 0x0000000100000000)
  eden space 15872K, 99% used [0x00000000ebf00000,0x00000000ece7ff70,0x00000000ece80000)
  from space 2560K, 99% used [0x00000000ece80000,0x00000000ed0fe880,0x00000000ed100000)
  to   space 2560K, 0% used [0x00000000ee080000,0x00000000ee080000,0x00000000ee300000)
 ParOldGen       total 42496K, used 196K [0x00000000c3c00000, 0x00000000c6580000, 0x00000000ebf00000)
  object space 42496K, 0% used [0x00000000c3c00000,0x00000000c3c31348,0x00000000c6580000)
 Metaspace       used 15370K, capacity 15544K, committed 15872K, reserved 1062912K
  class space    used 1967K, capacity 2022K, committed 2048K, reserved 1048576K
Event: 21.567 GC heap after
Heap after GC invocations=4 (full 0):
 PSYoungGen      total 34304K, used 2559K [0x00000000ebf00000, 0x00000000ee300000, 0x0000000100000000)
  eden space 31744K, 0% used [0x00000000ebf00000,0x00000000ebf00000,0x00000000ede00000)
  from space 2560K, 99% used [0x00000000ee080000,0x00000000ee2ffcb0,0x00000000ee300000)
  to   space 2560K, 0% used [0x00000000ede00000,0x00000000ede00000,0x00000000ee080000)
 ParOldGen       total 42496K, used 292K [0x00000000c3c00000, 0x00000000c6580000, 0x00000000ebf00000)
  object space 42496K, 0% used [0x00000000c3c00000,0x00000000c3c49348,0x00000000c6580000)
 Metaspace       used 15370K, capacity 15544K, committed 15872K, reserved 1062912K
  class space    used 1967K, capacity 2022K, committed 2048K, reserved 1048576K
}
Event: 21.591 GC heap before
{Heap before GC invocations=5 (full 0):
 PSYoungGen      total 34304K, used 34147K [0x00000000ebf00000, 0x00000000ee300000, 0x0000000100000000)
  eden space 31744K, 99% used [0x00000000ebf00000,0x00000000eddd9268,0x00000000ede00000)
  from space 2560K, 99% used [0x00000000ee080000,0x00000000ee2ffcb0,0x00000000ee300000)
  to   space 2560K, 0% used [0x00000000ede00000,0x00000000ede00000,0x00000000ee080000)
 ParOldGen       total 42496K, used 292K [0x00000000c3c00000, 0x00000000c6580000, 0x00000000ebf00000)
  object space 42496K, 0% used [0x00000000c3c00000,0x00000000c3c49348,0x00000000c6580000)
 Metaspace       used 15373K, capacity 15544K, committed 15872K, reserved 1062912K
  class space    used 1967K, capacity 2022K, committed 2048K, reserved 1048576K
Event: 21.600 GC heap after
Heap after GC invocations=5 (full 0):
 PSYoungGen      total 34304K, used 2532K [0x00000000ebf00000, 0x00000000f0300000, 0x0000000100000000)
  eden space 31744K, 0% used [0x00000000ebf00000,0x00000000ebf00000,0x00000000ede00000)
  from space 2560K, 98% used [0x00000000ede00000,0x00000000ee079070,0x00000000ee080000)
  to   space 3072K, 0% used [0x00000000f0000000,0x00000000f0000000,0x00000000f0300000)
 ParOldGen       total 42496K, used 308K [0x00000000c3c00000, 0x00000000c6580000, 0x00000000ebf00000)
  object space 42496K, 0% used [0x00000000c3c00000,0x00000000c3c4d348,0x00000000c6580000)
 Metaspace       used 15373K, capacity 15544K, committed 15872K, reserved 1062912K
  class space    used 1967K, capacity 2022K, committed 2048K, reserved 1048576K
}
Event: 21.620 GC heap before
{Heap before GC invocations=6 (full 0):
 PSYoungGen      total 34304K, used 34142K [0x00000000ebf00000, 0x00000000f0300000, 0x0000000100000000)
  eden space 31744K, 99% used [0x00000000ebf00000,0x00000000eddde978,0x00000000ede00000)
  from space 2560K, 98% used [0x00000000ede00000,0x00000000ee079070,0x00000000ee080000)
  to   space 3072K, 0% used [0x00000000f0000000,0x00000000f0000000,0x00000000f0300000)
 ParOldGen       total 42496K, used 308K [0x00000000c3c00000, 0x00000000c6580000, 0x00000000ebf00000)
  object space 42496K, 0% used [0x00000000c3c00000,0x00000000c3c4d348,0x00000000c6580000)
 Metaspace       used 15373K, capacity 15544K, committed 15872K, reserved 1062912K
  class space    used 1967K, capacity 2022K, committed 2048K, reserved 1048576K
Event: 21.627 GC heap after
Heap after GC invocations=6 (full 0):
 PSYoungGen      total 66560K, used 2592K [0x00000000ebf00000, 0x00000000f0300000, 0x0000000100000000)
  eden space 63488K, 0% used [0x00000000ebf00000,0x00000000ebf00000,0x00000000efd00000)
  from space 3072K, 84% used [0x00000000f0000000,0x00000000f0288240,0x00000000f0300000)
  to   space 3072K, 0% used [0x00000000efd00000,0x00000000efd00000,0x00000000f0000000)
 ParOldGen       total 42496K, used 316K [0x00000000c3c00000, 0x00000000c6580000, 0x00000000ebf00000)
  object space 42496K, 0% used [0x00000000c3c00000,0x00000000c3c4f348,0x00000000c6580000)
 Metaspace       used 15373K, capacity 15544K, committed 15872K, reserved 1062912K
  class space    used 1967K, capacity 2022K, committed 2048K, reserved 1048576K
}
Event: 21.679 GC heap before
{Heap before GC invocations=7 (full 0):
 PSYoungGen      total 66560K, used 65999K [0x00000000ebf00000, 0x00000000f0300000, 0x0000000100000000)
  eden space 63488K, 99% used [0x00000000ebf00000,0x00000000efceba68,0x00000000efd00000)
  from space 3072K, 84% used [0x00000000f0000000,0x00000000f0288240,0x00000000f0300000)
  to   space 3072K, 0% used [0x00000000efd00000,0x00000000efd00000,0x00000000f0000000)
 ParOldGen       total 42496K, used 316K [0x00000000c3c00000, 0x00000000c6580000, 0x00000000ebf00000)
  object space 42496K, 0% used [0x00000000c3c00000,0x00000000c3c4f348,0x00000000c6580000)
 Metaspace       used 15380K, capacity 15544K, committed 15872K, reserved 1062912K
  class space    used 1967K, capacity 2022K, committed 2048K, reserved 1048576K

